# JRE version: Java(TM) SE Runtime Environment (8.0_45-b14) (build 1.8.0_45-b14)
# Java VM: Java HotSpot(TM) Client VM (25.45-b02 mixed mode windows-x86 )
Heap:
 def new generation   total 78656K, used 69952K [0x05000000, 0x0a550000, 0x0a550000)
  eden space 69952K, 100% used [0x05000000, 0x09450000, 0x09450000)
  from space 8704K,   0% used [0x09450000, 0x09450000, 0x09cd0000)
  to   space 8704K, 100% used [0x09cd0000, 0x0a550000, 0x0a550000)
 tenured generation   total 174784K, used 174784K [0x0a550000, 0x15000000, 0x15000000)
   the space 174784K, 100% used [0x0a550000, 0x15000000, 0x15000000, 0x15000000)
 Metaspace       used 6514K, capacity 6702K, committed 6784K, reserved 7552K
GC Heap History (10 events):
Event: 0.368 GC heap after
Heap after GC invocations=6 (full 2):
 def new generation   total 20992K, used 961K [0x05000000, 0x066c0000, 0x0a550000)
  eden space 18688K,   5% used [0x05000000, 0x050f04b8, 0x06240000)
  from space 2304K,   0% used [0x06240000, 0x06240000, 0x06480000)
  to   space 2304K,   0% used [0x06480000, 0x06480000, 0x066c0000)
 tenured generation   total 46528K, used 27915K [0x0a550000, 0x0d2c0000, 0x15000000)
   the space 46528K,  59% used [0x0a550000, 0x0c092ff0, 0x0c093000, 0x0d2c0000)
 Metaspace       used 6415K, capacity 6606K, committed 6656K, reserved 7552K
}
Event: 0.373 GC heap before
{Heap before GC invocations=6 (full 2):
 def new generation   total 20992K, used 18688K [0x05000000, 0x066c0000, 0x0a550000)
  eden space 18688K, 100% used [0x05000000, 0x06240000, 0x06240000)
  from space 2304K,   0% used [0x06240000, 0x06240000, 0x06480000)
  to   space 2304K,   0% used [0x06480000, 0x06480000, 0x066c0000)
 tenured generation   total 46528K, used 27915K [0x0a550000, 0x0d2c0000, 0x15000000)
   the space 46528K,  59% used [0x0a550000, 0x0c092ff0, 0x0c093000, 0x0d2c0000)
 Metaspace       used 6427K, capacity 6606K, committed 6656K, reserved 7552K
Event: 0.390 GC heap after
Heap after GC invocations=7 (full 2):
 def new generation   total 20992K, used 2304K [0x05000000, 0x066c0000, 0x0a550000)
  eden space 18688K,   0% used [0x05000000, 0x05000000, 0x06240000)
  from space 2304K, 100% used [0x06480000, 0x066c0000, 0x066c0000)
  to   space 2304K,   0% used [0x06240000, 0x06240000, 0x06480000)
 tenured generation   total 46528K, used 44078K [0x0a550000, 0x0d2c0000, 0x15000000)
   the space 46528K,  94% used [0x0a550000, 0x0d05bb80, 0x0d05bc00, 0x0d2c0000)
 Metaspace       used 6427K, capacity 6606K, committed 6656K, reserved 7552K
}
Event: 0.394 GC heap before
{Heap before GC invocations=7 (full 2):
 def new generation   total 20992K, used 20992K [0x05000000, 0x066c0000, 0x0a550000)
  eden space 18688K, 100% used [0x05000000, 0x06240000, 0x06240000)
  from space 2304K, 100% used [0x06480000, 0x066c0000, 0x066c0000)
  to   space 2304K,   0% used [0x06240000, 0x06240000, 0x06480000)
 tenured generation   total 46528K, used 44078K [0x0a550000, 0x0d2c0000, 0x15000000)
   the space 46528K,  94% used [0x0a550000, 0x0d05bb80, 0x0d05bc00, 0x0d2c0000)
 Metaspace       used 6427K, capacity 6606K, committed 6656K, reserved 7552K
Event: 0.463 GC heap after
Heap after GC invocations=8 (full 3):
 def new generation   total 45760K, used 0K [0x05000000, 0x081a0000, 0x0a550000)
  eden space 40704K,   0% used [0x05000000, 0x05000000, 0x077c0000)
  from space 5056K,   0% used [0x077c0000, 0x077c0000, 0x07cb0000)
  to   space 5056K,   0% used [0x07cb0000, 0x07cb0000, 0x081a0000)
 tenured generation   total 101600K, used 60958K [0x0a550000, 0x10888000, 0x15000000)
   the space 101600K,  59% used [0x0a550000, 0x0e0d7a90, 0x0e0d7c00, 0x10888000)
 Metaspace       used 6427K, capacity 6606K, committed 6656K, reserved 7552K
}
Event: 0.476 GC heap before
{Heap before GC invocations=8 (full 3):
 def new generation   total 45760K, used 40704K [0x05000000, 0x081a0000, 0x0a550000)
  eden space 40704K, 100% used [0x05000000, 0x077c0000, 0x077c0000)
  from space 5056K,   0% used [0x077c0000, 0x077c0000, 0x07cb0000)
  to   space 5056K,   0% used [0x07cb0000, 0x07cb0000, 0x081a0000)
 tenured generation   total 101600K, used 60958K [0x0a550000, 0x10888000, 0x15000000)
   the space 101600K,  59% used [0x0a550000, 0x0e0d7a90, 0x0e0d7c00, 0x10888000)
 Metaspace       used 6427K, capacity 6606K, committed 6656K, reserved 7552K
Event: 0.505 GC heap after
Heap after GC invocations=9 (full 3):
 def new generation   total 45760K, used 5055K [0x05000000, 0x081a0000, 0x0a550000)
  eden space 40704K,   0% used [0x05000000, 0x05000000, 0x077c0000)
  from space 5056K,  99% used [0x07cb0000, 0x0819ff90, 0x081a0000)
  to   space 5056K,   0% used [0x077c0000, 0x077c0000, 0x07cb0000)
 tenured generation   total 101600K, used 95437K [0x0a550000, 0x10888000, 0x15000000)
   the space 101600K,  93% used [0x0a550000, 0x10283590, 0x10283600, 0x10888000)
 Metaspace       used 6427K, capacity 6606K, committed 6656K, reserved 7552K
}
Event: 0.516 GC heap before
{Heap before GC invocations=9 (full 3):
 def new generation   total 45760K, used 45759K [0x05000000, 0x081a0000, 0x0a550000)
  eden space 40704K, 100% used [0x05000000, 0x077c0000, 0x077c0000)
  from space 5056K,  99% used [0x07cb0000, 0x0819ff90, 0x081a0000)
  to   space 5056K,   0% used [0x077c0000, 0x077c0000, 0x07cb0000)
 tenured generation   total 101600K, used 95437K [0x0a550000, 0x10888000, 0x15000000)
   the space 101600K,  93% used [0x0a550000, 0x10283590, 0x10283600, 0x10888000)
 Metaspace       used 6500K, capacity 6702K, committed 6784K, reserved 7552K
Event: 0.699 GC heap after
Heap after GC invocations=10 (full 4):
 def new generation   total 78656K, used 2632K [0x05000000, 0x0a550000, 0x0a550000)
  eden space 69952K,   3% used [0x05000000, 0x052921f8, 0x09450000)
  from space 8704K,   0% used [0x09450000, 0x09450000, 0x09cd0000)
  to   space 8704K,   0% used [0x09cd0000, 0x09cd0000, 0x0a550000)
 tenured generation   total 174784K, used 135903K [0x0a550000, 0x15000000, 0x15000000)
   the space 174784K,  77% used [0x0a550000, 0x12a07fa0, 0x12a08000, 0x15000000)
 Metaspace       used 6500K, capacity 6702K, committed 6784K, reserved 7552K
}
Event: 0.752 GC heap before
{Heap before GC invocations=10 (full 4):
 def new generation   total 78656K, used 69952K [0x05000000, 0x0a550000, 0x0a550000)
  eden space 69952K, 100% used [0x05000000, 0x09450000, 0x09450000)
  from space 8704K,   0% used [0x09450000, 0x09450000, 0x09cd0000)
  to   space 8704K,   0% used [0x09cd0000, 0x09cd0000, 0x0a550000)
 tenured generation   total 174784K, used 135903K [0x0a550000, 0x15000000, 0x15000000)
   the space 174784K,  77% used [0x0a550000, 0x12a07fa0, 0x12a08000, 0x15000000)
 Metaspace       used 6514K, capacity 6702K, committed 6784K, reserved 7552K

